c:\users\andré\desktop\filters\filters\filters\x64\release\vc142.pdb
c:\users\andré\desktop\filters\filters\filters\x64\release\main.obj
x64\release\filters.cu.obj
x64\release\kernel.cu.obj
c:\users\andré\desktop\filters\filters\filters\x64\release\filters.cu.cache
c:\users\andré\desktop\filters\filters\filters\x64\release\kernel.cu.cache
c:\users\andré\desktop\filters\filters\filters\x64\release\filters.cu.obj
c:\users\andré\desktop\filters\filters\filters\x64\release\kernel.cu.obj
c:\users\andré\desktop\filters\filters\x64\release\filters.pdb
c:\users\andré\desktop\filters\filters\filters\x64\release\filters.tlog\cl.command.1.tlog
c:\users\andré\desktop\filters\filters\filters\x64\release\filters.tlog\cl.read.1.tlog
c:\users\andré\desktop\filters\filters\filters\x64\release\filters.tlog\cl.write.1.tlog
c:\users\andré\desktop\filters\filters\filters\x64\release\filters.tlog\cudacompile.read.1u.tlog
c:\users\andré\desktop\filters\filters\filters\x64\release\filters.tlog\cudacompile.write.1u.tlog
c:\users\andré\desktop\filters\filters\filters\x64\release\filters.tlog\link-cvtres.read.1.tlog
c:\users\andré\desktop\filters\filters\filters\x64\release\filters.tlog\link-cvtres.write.1.tlog
c:\users\andré\desktop\filters\filters\filters\x64\release\filters.tlog\link-rc.read.1.tlog
c:\users\andré\desktop\filters\filters\filters\x64\release\filters.tlog\link-rc.write.1.tlog
c:\users\andré\desktop\filters\filters\filters\x64\release\filters.tlog\link.command.1.tlog
c:\users\andré\desktop\filters\filters\filters\x64\release\filters.tlog\link.delete.1.tlog
c:\users\andré\desktop\filters\filters\filters\x64\release\filters.tlog\link.read.1.tlog
c:\users\andré\desktop\filters\filters\filters\x64\release\filters.tlog\link.write.1.tlog
